\BOOKMARK [0][-]{section*.1}{\376\377\000D\000e\000c\000l\000a\000r\000a\000t\000i\000o\000n\000\040\000o\000f\000\040\000A\000u\000t\000h\000o\000r\000s\000h\000i\000p}{}% 1
\BOOKMARK [0][-]{chapter.3}{\376\377\0001\000\040\000I\000n\000t\000r\000o\000d\000u\000c\000t\000i\000o\000n\000.}{}% 2
\BOOKMARK [1][-]{section.4}{\376\377\0001\000.\0001\000\040\000I\000L\000O\000N\000A}{chapter.3}% 3
\BOOKMARK [0][-]{chapter.5}{\376\377\0002\000\040\000R\000e\000l\000a\000t\000e\000d\000\040\000W\000o\000r\000k\000s}{}% 4
\BOOKMARK [1][-]{section.6}{\376\377\0002\000.\0001\000\040\000I\000n\000d\000o\000o\000r\000\040\000P\000o\000s\000i\000t\000i\000o\000n\000i\000n\000g}{chapter.5}% 5
\BOOKMARK [2][-]{subsection.7}{\376\377\0002\000.\0001\000.\0001\000\040\000I\000n\000d\000o\000o\000r\000\040\000P\000o\000s\000i\000t\000i\000o\000n\000i\000n\000g\000\040\000w\000i\000t\000h\000\040\000W\000i\000r\000e\000l\000e\000s\000s\000\040\000L\000A\000N}{section.6}% 6
\BOOKMARK [2][-]{subsection.9}{\376\377\0002\000.\0001\000.\0002\000\040\000F\000i\000n\000g\000e\000r\000p\000r\000i\000n\000t\000i\000n\000g\000\040\000M\000e\000t\000h\000o\000d\000s}{section.6}% 7
\BOOKMARK [2][-]{subsection.10}{\376\377\0002\000.\0001\000.\0003\000\040\000W\000i\000F\000i\000\040\000B\000a\000s\000e\000d\000\040\000S\000o\000l\000u\000t\000i\000o\000n\000s}{section.6}% 8
\BOOKMARK [2][-]{subsection.11}{\376\377\0002\000.\0001\000.\0004\000\040\000H\000o\000r\000u\000s\000\040\000S\000y\000s\000t\000e\000m}{section.6}% 9
\BOOKMARK [1][-]{section.13}{\376\377\0002\000.\0002\000\040\000T\000i\000m\000e\000\040\000S\000e\000r\000i\000e\000s\000\040\000F\000i\000l\000t\000e\000r\000i\000n\000g\000\040\000M\000e\000t\000h\000o\000d\000s}{chapter.5}% 10
\BOOKMARK [2][-]{subsection.14}{\376\377\0002\000.\0002\000.\0001\000\040\000T\000i\000m\000e\000\040\000S\000e\000r\000i\000e\000s}{section.13}% 11
\BOOKMARK [2][-]{subsection.15}{\376\377\0002\000.\0002\000.\0002\000\040\000D\000i\000s\000c\000r\000e\000t\000e\000\040\000T\000i\000m\000e\000\040\000S\000e\000r\000i\000e\000s}{section.13}% 12
\BOOKMARK [2][-]{subsection.16}{\376\377\0002\000.\0002\000.\0003\000\040\000A\000R\000M\000A\000\040\000M\000o\000d\000e\000l\000s}{section.13}% 13
\BOOKMARK [2][-]{subsection.17}{\376\377\0002\000.\0002\000.\0004\000\040\000F\000i\000l\000t\000e\000r\000i\000n\000g\000\040\000M\000e\000t\000h\000o\000d\000s}{section.13}% 14
\BOOKMARK [2][-]{subsection.18}{\376\377\0002\000.\0002\000.\0005\000\040\000T\000i\000m\000e\000\040\000W\000i\000n\000d\000o\000w\000i\000n\000g}{section.13}% 15
\BOOKMARK [0][-]{chapter.19}{\376\377\0003\000\040\000F\000i\000l\000t\000e\000r\000i\000n\000g\000\040\000M\000e\000t\000h\000o\000d\000s}{}% 16
\BOOKMARK [1][-]{section.21}{\376\377\0003\000.\0001\000\040\000F\000o\000r\000m\000a\000l\000\040\000D\000e\000s\000c\000r\000i\000p\000t\000i\000o\000n}{chapter.19}% 17
\BOOKMARK [2][-]{subsection.22}{\376\377\0003\000.\0001\000.\0001\000\040\000F\000i\000r\000s\000t\000\040\000F\000i\000l\000t\000e\000r}{section.21}% 18
\BOOKMARK [2][-]{subsection.26}{\376\377\0003\000.\0001\000.\0002\000\040\000S\000e\000c\000o\000n\000d\000\040\000f\000i\000l\000t\000e\000r}{section.21}% 19
\BOOKMARK [1][-]{section.28}{\376\377\0003\000.\0002\000\040\000R\000\040\000I\000m\000p\000l\000e\000m\000e\000n\000t\000a\000t\000i\000o\000n}{chapter.19}% 20
\BOOKMARK [2][-]{subsection.29}{\376\377\0003\000.\0002\000.\0001\000\040\000F\000i\000r\000s\000t\000\040\000f\000i\000l\000t\000e\000r\000\040\000i\000m\000p\000l\000e\000m\000e\000n\000t\000a\000t\000i\000o\000n}{section.28}% 21
\BOOKMARK [2][-]{subsection.64}{\376\377\0003\000.\0002\000.\0002\000\040\000S\000e\000c\000o\000n\000d\000\040\000f\000i\000l\000t\000e\000r\000\040\000i\000m\000p\000l\000e\000m\000e\000n\000t\000a\000t\000i\000o\000n}{section.28}% 22
\BOOKMARK [0][-]{chapter.90}{\376\377\0004\000\040\000E\000v\000a\000l\000u\000a\000t\000i\000o\000n}{}% 23
\BOOKMARK [1][-]{section.91}{\376\377\0004\000.\0001\000\040\000T\000e\000s\000t\000\040\000E\000n\000v\000i\000r\000o\000n\000m\000e\000n\000t}{chapter.90}% 24
\BOOKMARK [1][-]{section.93}{\376\377\0004\000.\0002\000\040\000C\000o\000m\000p\000a\000r\000i\000s\000o\000n}{chapter.90}% 25
\BOOKMARK [1][-]{section.97}{\376\377\0004\000.\0003\000\040\000S\000u\000g\000g\000e\000s\000t\000i\000o\000n}{chapter.90}% 26
\BOOKMARK [0][-]{chapter.98}{\376\377\0005\000\040\000S\000u\000m\000m\000a\000r\000y}{}% 27
\BOOKMARK [0][-]{appendix.99}{\376\377\000A\000\040\000C\000D\000\040\000M\000e\000l\000l\000\351\000k\000l\000e\000t}{}% 28
